<?xml version="1.0" encoding="UTF-8"?>
<!-- Generated by org.testng.reporters.JUnitXMLReporter -->
<testsuite hostname="Samsung" ignored="0" name="Test" tests="8" failures="0" timestamp="27 Nov 2018 07:05:52 GMT" time="284.396" errors="0">
  <testcase name="crmLogoImageTest" time="0.669" classname="com.crm.qa.testcases.LogInPageTest"/>
  <testcase name="loginPageTitleTest" time="0.18" classname="com.crm.qa.testcases.LogInPageTest"/>
  <testcase name="loginTest" time="11.349" classname="com.crm.qa.testcases.LogInPageTest"/>
  <testcase name="clickOnContactsLinkTest" time="4.121" classname="com.crm.qa.testcases.HomePageTest"/>
  <testcase name="correctUserTest" time="0.75" classname="com.crm.qa.testcases.HomePageTest"/>
  <testcase name="homePageTitleTest" time="0.051" classname="com.crm.qa.testcases.HomePageTest"/>
  <testcase name="fillNewContactPageTest" time="0.0" classname="com.crm.qa.testcases.ContactsPageTest">
    <skipped/>
  </testcase> <!-- fillNewContactPageTest -->
  <testcase name="verifyContactsPageLabelTest" time="0.513" classname="com.crm.qa.testcases.ContactsPageTest"/>
</testsuite> <!-- Test -->
