<?xml version="1.0" encoding="UTF-8"?>
<!-- Generated by org.testng.reporters.JUnitXMLReporter -->
<testsuite hostname="Samsung" ignored="0" name="TestNg" tests="3" failures="0" timestamp="16 Nov 2018 06:28:31 GMT" time="126.553" errors="0">
  <testcase name="loginPageTitleTest" time="0.201" classname="com.crm.qa.testcases.LogInPageTest"/>
  <testcase name="verifyContactsPageLabelTest" time="0.49" classname="com.crm.qa.testcases.ContactsPageTest"/>
  <testcase name="homePageTitleTest" time="0.048" classname="com.crm.qa.testcases.HomePageTest"/>
</testsuite> <!-- TestNg -->
