<?xml version="1.0" encoding="UTF-8"?>
<!-- Generated by org.testng.reporters.JUnitXMLReporter -->
<testsuite hostname="Samsung" ignored="0" name="My First suite" tests="3" failures="0" timestamp="16 Nov 2018 06:23:49 GMT" time="103.398" errors="0">
  <testcase name="loginPageTitleTest" time="0.2" classname="com.crm.qa.testcases.LogInPageTest"/>
  <testcase name="verifyContactsPageLabelTest" time="0.619" classname="com.crm.qa.testcases.ContactsPageTest"/>
  <testcase name="homePageTitleTest" time="0.049" classname="com.crm.qa.testcases.HomePageTest"/>
</testsuite> <!-- My First suite -->
